<?xml version="1.0" encoding="UTF-8"?>
<testsuite name="tests.some_easy_tests" tests="1" skipped="0" failures="0" errors="0" timestamp="2020-09-21T09:28:33" hostname="DTSLC2000000482" time="0.014">
  <properties/>
  <testcase name="easyPositiveTest()" classname="tests.some_easy_tests" time="0.014"/>
  <system-out><![CDATA[]]></system-out>
  <system-err><![CDATA[]]></system-err>
</testsuite>
